Determining if the pthread_create exist failed with the following output:
Change Dir: /home/raven/raven_2/raven_visualization/src/gazebo-pkgs/gazebo_grasp_plugin/CMakeFiles/CMakeTmp

Run Build Command:/usr/bin/make "cmTryCompileExec2996662512/fast"
/usr/bin/make -f CMakeFiles/cmTryCompileExec2996662512.dir/build.make CMakeFiles/cmTryCompileExec2996662512.dir/build
make[1]: Entering directory `/home/raven/raven_2/raven_visualization/src/gazebo-pkgs/gazebo_grasp_plugin/CMakeFiles/CMakeTmp'
/usr/bin/cmake -E cmake_progress_report /home/raven/raven_2/raven_visualization/src/gazebo-pkgs/gazebo_grasp_plugin/CMakeFiles/CMakeTmp/CMakeFiles 1
Building C object CMakeFiles/cmTryCompileExec2996662512.dir/CheckSymbolExists.c.o
/usr/bin/cc    -o CMakeFiles/cmTryCompileExec2996662512.dir/CheckSymbolExists.c.o   -c /home/raven/raven_2/raven_visualization/src/gazebo-pkgs/gazebo_grasp_plugin/CMakeFiles/CMakeTmp/CheckSymbolExists.c
Linking C executable cmTryCompileExec2996662512
/usr/bin/cmake -E cmake_link_script CMakeFiles/cmTryCompileExec2996662512.dir/link.txt --verbose=1
/usr/bin/cc       CMakeFiles/cmTryCompileExec2996662512.dir/CheckSymbolExists.c.o  -o cmTryCompileExec2996662512 -rdynamic 
CMakeFiles/cmTryCompileExec2996662512.dir/CheckSymbolExists.c.o: In function `main':
CheckSymbolExists.c:(.text+0x16): undefined reference to `pthread_create'
collect2: error: ld returned 1 exit status
make[1]: Leaving directory `/home/raven/raven_2/raven_visualization/src/gazebo-pkgs/gazebo_grasp_plugin/CMakeFiles/CMakeTmp'
make[1]: *** [cmTryCompileExec2996662512] Error 1
make: *** [cmTryCompileExec2996662512/fast] Error 2

File /home/raven/raven_2/raven_visualization/src/gazebo-pkgs/gazebo_grasp_plugin/CMakeFiles/CMakeTmp/CheckSymbolExists.c:
/* */
#include <pthread.h>

int main(int argc, char** argv)
{
  (void)argv;
#ifndef pthread_create
  return ((int*)(&pthread_create))[argc];
#else
  (void)argc;
  return 0;
#endif
}

Determining if the function pthread_create exists in the pthreads failed with the following output:
Change Dir: /home/raven/raven_2/raven_visualization/src/gazebo-pkgs/gazebo_grasp_plugin/CMakeFiles/CMakeTmp

Run Build Command:/usr/bin/make "cmTryCompileExec3609238798/fast"
/usr/bin/make -f CMakeFiles/cmTryCompileExec3609238798.dir/build.make CMakeFiles/cmTryCompileExec3609238798.dir/build
make[1]: Entering directory `/home/raven/raven_2/raven_visualization/src/gazebo-pkgs/gazebo_grasp_plugin/CMakeFiles/CMakeTmp'
/usr/bin/cmake -E cmake_progress_report /home/raven/raven_2/raven_visualization/src/gazebo-pkgs/gazebo_grasp_plugin/CMakeFiles/CMakeTmp/CMakeFiles 1
Building C object CMakeFiles/cmTryCompileExec3609238798.dir/CheckFunctionExists.c.o
/usr/bin/cc   -DCHECK_FUNCTION_EXISTS=pthread_create   -o CMakeFiles/cmTryCompileExec3609238798.dir/CheckFunctionExists.c.o   -c /usr/share/cmake-2.8/Modules/CheckFunctionExists.c
Linking C executable cmTryCompileExec3609238798
/usr/bin/cmake -E cmake_link_script CMakeFiles/cmTryCompileExec3609238798.dir/link.txt --verbose=1
/usr/bin/cc   -DCHECK_FUNCTION_EXISTS=pthread_create    CMakeFiles/cmTryCompileExec3609238798.dir/CheckFunctionExists.c.o  -o cmTryCompileExec3609238798 -rdynamic -lpthreads 
/usr/bin/ld: cannot find -lpthreads
collect2: error: ld returned 1 exit status
make[1]: Leaving directory `/home/raven/raven_2/raven_visualization/src/gazebo-pkgs/gazebo_grasp_plugin/CMakeFiles/CMakeTmp'
make[1]: *** [cmTryCompileExec3609238798] Error 1
make: *** [cmTryCompileExec3609238798/fast] Error 2


Determining if the pthread_create exist failed with the following output:
Change Dir: /home/raven/raven_2/raven_visualization/src/gazebo_plugins/gazebo_grasp_plugin/CMakeFiles/CMakeTmp

Run Build Command:/usr/bin/make "cmTryCompileExec1758745436/fast"
/usr/bin/make -f CMakeFiles/cmTryCompileExec1758745436.dir/build.make CMakeFiles/cmTryCompileExec1758745436.dir/build
make[1]: Entering directory `/home/raven/raven_2/raven_visualization/src/gazebo_plugins/gazebo_grasp_plugin/CMakeFiles/CMakeTmp'
/usr/bin/cmake -E cmake_progress_report /home/raven/raven_2/raven_visualization/src/gazebo_plugins/gazebo_grasp_plugin/CMakeFiles/CMakeTmp/CMakeFiles 1
Building C object CMakeFiles/cmTryCompileExec1758745436.dir/CheckSymbolExists.c.o
/usr/bin/cc    -o CMakeFiles/cmTryCompileExec1758745436.dir/CheckSymbolExists.c.o   -c /home/raven/raven_2/raven_visualization/src/gazebo_plugins/gazebo_grasp_plugin/CMakeFiles/CMakeTmp/CheckSymbolExists.c
Linking C executable cmTryCompileExec1758745436
/usr/bin/cmake -E cmake_link_script CMakeFiles/cmTryCompileExec1758745436.dir/link.txt --verbose=1
/usr/bin/cc       CMakeFiles/cmTryCompileExec1758745436.dir/CheckSymbolExists.c.o  -o cmTryCompileExec1758745436 -rdynamic 
CMakeFiles/cmTryCompileExec1758745436.dir/CheckSymbolExists.c.o: In function `main':
CheckSymbolExists.c:(.text+0x16): undefined reference to `pthread_create'
collect2: error: ld returned 1 exit status
make[1]: Leaving directory `/home/raven/raven_2/raven_visualization/src/gazebo_plugins/gazebo_grasp_plugin/CMakeFiles/CMakeTmp'
make[1]: *** [cmTryCompileExec1758745436] Error 1
make: *** [cmTryCompileExec1758745436/fast] Error 2

File /home/raven/raven_2/raven_visualization/src/gazebo_plugins/gazebo_grasp_plugin/CMakeFiles/CMakeTmp/CheckSymbolExists.c:
/* */
#include <pthread.h>

int main(int argc, char** argv)
{
  (void)argv;
#ifndef pthread_create
  return ((int*)(&pthread_create))[argc];
#else
  (void)argc;
  return 0;
#endif
}

Determining if the function pthread_create exists in the pthreads failed with the following output:
Change Dir: /home/raven/raven_2/raven_visualization/src/gazebo_plugins/gazebo_grasp_plugin/CMakeFiles/CMakeTmp

Run Build Command:/usr/bin/make "cmTryCompileExec1575023144/fast"
/usr/bin/make -f CMakeFiles/cmTryCompileExec1575023144.dir/build.make CMakeFiles/cmTryCompileExec1575023144.dir/build
make[1]: Entering directory `/home/raven/raven_2/raven_visualization/src/gazebo_plugins/gazebo_grasp_plugin/CMakeFiles/CMakeTmp'
/usr/bin/cmake -E cmake_progress_report /home/raven/raven_2/raven_visualization/src/gazebo_plugins/gazebo_grasp_plugin/CMakeFiles/CMakeTmp/CMakeFiles 1
Building C object CMakeFiles/cmTryCompileExec1575023144.dir/CheckFunctionExists.c.o
/usr/bin/cc   -DCHECK_FUNCTION_EXISTS=pthread_create   -o CMakeFiles/cmTryCompileExec1575023144.dir/CheckFunctionExists.c.o   -c /usr/share/cmake-2.8/Modules/CheckFunctionExists.c
Linking C executable cmTryCompileExec1575023144
/usr/bin/cmake -E cmake_link_script CMakeFiles/cmTryCompileExec1575023144.dir/link.txt --verbose=1
/usr/bin/cc   -DCHECK_FUNCTION_EXISTS=pthread_create    CMakeFiles/cmTryCompileExec1575023144.dir/CheckFunctionExists.c.o  -o cmTryCompileExec1575023144 -rdynamic -lpthreads 
/usr/bin/ld: cannot find -lpthreads
collect2: error: ld returned 1 exit status
make[1]: Leaving directory `/home/raven/raven_2/raven_visualization/src/gazebo_plugins/gazebo_grasp_plugin/CMakeFiles/CMakeTmp'
make[1]: *** [cmTryCompileExec1575023144] Error 1
make: *** [cmTryCompileExec1575023144/fast] Error 2


